{"C:\\Users\\Cruz\\Documents\\Workspace\\DevPleno\\ConvertMyMoney\\lib\\api.bcb.js": {"path":"C:\\Users\\Cruz\\Documents\\Workspace\\DevPleno\\ConvertMyMoney\\lib\\api.bcb.js","statementMap":{"0":{"start":{"line":1,"column":24},"end":{"line":1,"column":45}},"1":{"start":{"line":2,"column":14},"end":{"line":2,"column":30}},"2":{"start":{"line":3,"column":24},"end":{"line":3,"column":42}},"3":{"start":{"line":5,"column":15},"end":{"line":5,"column":228}},"4":{"start":{"line":5,"column":23},"end":{"line":5,"column":228}},"5":{"start":{"line":7,"column":22},"end":{"line":7,"column":43}},"6":{"start":{"line":7,"column":29},"end":{"line":7,"column":43}},"7":{"start":{"line":8,"column":23},"end":{"line":8,"column":60}},"8":{"start":{"line":8,"column":30},"end":{"line":8,"column":60}},"9":{"start":{"line":9,"column":17},"end":{"line":13,"column":1}},"10":{"start":{"line":10,"column":16},"end":{"line":10,"column":26}},"11":{"start":{"line":11,"column":2},"end":{"line":11,"column":83}},"12":{"start":{"line":14,"column":19},"end":{"line":25,"column":1}},"13":{"start":{"line":15,"column":2},"end":{"line":23,"column":3}},"14":{"start":{"line":16,"column":18},"end":{"line":16,"column":28}},"15":{"start":{"line":17,"column":16},"end":{"line":17,"column":29}},"16":{"start":{"line":18,"column":16},"end":{"line":18,"column":40}},"17":{"start":{"line":19,"column":20},"end":{"line":19,"column":39}},"18":{"start":{"line":20,"column":4},"end":{"line":20,"column":18}},"19":{"start":{"line":22,"column":4},"end":{"line":22,"column":13}},"20":{"start":{"line":29,"column":0},"end":{"line":33,"column":1}}},"fnMap":{"0":{"name":"(anonymous_0)","decl":{"start":{"line":5,"column":15},"end":{"line":5,"column":16}},"loc":{"start":{"line":5,"column":23},"end":{"line":5,"column":228}},"line":5},"1":{"name":"(anonymous_1)","decl":{"start":{"line":7,"column":22},"end":{"line":7,"column":23}},"loc":{"start":{"line":7,"column":29},"end":{"line":7,"column":43}},"line":7},"2":{"name":"(anonymous_2)","decl":{"start":{"line":8,"column":23},"end":{"line":8,"column":24}},"loc":{"start":{"line":8,"column":30},"end":{"line":8,"column":60}},"line":8},"3":{"name":"(anonymous_3)","decl":{"start":{"line":9,"column":17},"end":{"line":9,"column":18}},"loc":{"start":{"line":9,"column":23},"end":{"line":13,"column":1}},"line":9},"4":{"name":"(anonymous_4)","decl":{"start":{"line":14,"column":19},"end":{"line":14,"column":20}},"loc":{"start":{"line":14,"column":31},"end":{"line":25,"column":1}},"line":14}},"branchMap":{},"s":{"0":1,"1":1,"2":1,"3":1,"4":0,"5":1,"6":1,"7":1,"8":1,"9":1,"10":0,"11":0,"12":1,"13":0,"14":0,"15":0,"16":0,"17":0,"18":0,"19":0,"20":1},"f":{"0":0,"1":1,"2":1,"3":0,"4":0},"b":{},"_coverageSchema":"1a1c01bbd47fc00a2c39e90264f33305004495a9","hash":"868ef1e38a777e9d82957d90e693e943f94e6fad"}
,"C:\\Users\\Cruz\\Documents\\Workspace\\DevPleno\\ConvertMyMoney\\lib\\convert.js": {"path":"C:\\Users\\Cruz\\Documents\\Workspace\\DevPleno\\ConvertMyMoney\\lib\\convert.js","statementMap":{"0":{"start":{"line":1,"column":16},"end":{"line":3,"column":1}},"1":{"start":{"line":2,"column":2},"end":{"line":2,"column":29}},"2":{"start":{"line":5,"column":16},"end":{"line":7,"column":1}},"3":{"start":{"line":6,"column":2},"end":{"line":6,"column":37}},"4":{"start":{"line":9,"column":0},"end":{"line":12,"column":1}}},"fnMap":{"0":{"name":"(anonymous_0)","decl":{"start":{"line":1,"column":16},"end":{"line":1,"column":17}},"loc":{"start":{"line":1,"column":41},"end":{"line":3,"column":1}},"line":1},"1":{"name":"(anonymous_1)","decl":{"start":{"line":5,"column":16},"end":{"line":5,"column":17}},"loc":{"start":{"line":5,"column":25},"end":{"line":7,"column":1}},"line":5}},"branchMap":{},"s":{"0":1,"1":2,"2":1,"3":2,"4":1},"f":{"0":2,"1":2},"b":{},"_coverageSchema":"1a1c01bbd47fc00a2c39e90264f33305004495a9","hash":"6a594aa4823a85f8094f9fbfa998e5db36c9dd64"}
}
